# JRE version: OpenJDK Runtime Environment Temurin-21.0.10+7 (21.0.10+7) (build 21.0.10+7-LTS)
# Java VM: OpenJDK 64-Bit Server VM Temurin-21.0.10+7 (21.0.10+7-LTS, mixed mode, sharing, tiered, compressed oops, compressed class ptrs, g1 gc, windows-amd64)
GC Precious Log:
 CardTable entry size: 512
 Card Set container configuration: InlinePtr #cards 5 size 8 Array Of Cards #cards 12 size 40 Howl #buckets 4 coarsen threshold 1843 Howl Bitmap #cards 512 size 80 coarsen threshold 460 Card regions per heap region 1 cards per card region 2048
 CPUs: 20 total, 20 available
 Memory: 11995M
 Large Page Support: Disabled
 NUMA Support: Disabled
 Compressed Oops: Enabled (32-bit)
 Heap Region Size: 1M
 Heap Min Capacity: 8M
 Heap Initial Capacity: 188M
 Heap Max Capacity: 2G
 Pre-touch: Disabled
 Parallel Workers: 15
 Concurrent Workers: 4
 Concurrent Refinement Workers: 15
 Periodic GC: Disabled
Heap:
 garbage-first heap   total 133120K, used 95437K [0x0000000080000000, 0x0000000100000000)
  region size 1024K, 19 young (19456K), 4 survivors (4096K)
 Metaspace       used 67600K, committed 69824K, reserved 1114112K
  class space    used 9690K, committed 10752K, reserved 1048576K
GC Heap History (20 events):
Event: 7.428 GC heap before
{Heap before GC invocations=12 (full 0):
 garbage-first heap   total 101376K, used 84476K [0x0000000080000000, 0x0000000100000000)
  region size 1024K, 45 young (46080K), 7 survivors (7168K)
 Metaspace       used 48451K, committed 50240K, reserved 1114112K
  class space    used 7124K, committed 8000K, reserved 1048576K
}
Event: 7.434 GC heap after
{Heap after GC invocations=13 (full 0):
 garbage-first heap   total 101376K, used 50303K [0x0000000080000000, 0x0000000100000000)
  region size 1024K, 4 young (4096K), 4 survivors (4096K)
 Metaspace       used 48451K, committed 50240K, reserved 1114112K
  class space    used 7124K, committed 8000K, reserved 1048576K
}
Event: 7.711 GC heap before
{Heap before GC invocations=13 (full 0):
 garbage-first heap   total 101376K, used 86143K [0x0000000080000000, 0x0000000100000000)
  region size 1024K, 40 young (40960K), 4 survivors (4096K)
 Metaspace       used 48607K, committed 50432K, reserved 1114112K
  class space    used 7124K, committed 8000K, reserved 1048576K
}
Event: 7.714 GC heap after
{Heap after GC invocations=14 (full 0):
 garbage-first heap   total 101376K, used 51538K [0x0000000080000000, 0x0000000100000000)
  region size 1024K, 4 young (4096K), 4 survivors (4096K)
 Metaspace       used 48607K, committed 50432K, reserved 1114112K
  class space    used 7124K, committed 8000K, reserved 1048576K
}
Event: 7.975 GC heap before
{Heap before GC invocations=15 (full 0):
 garbage-first heap   total 101376K, used 86354K [0x0000000080000000, 0x0000000100000000)
  region size 1024K, 39 young (39936K), 4 survivors (4096K)
 Metaspace       used 48628K, committed 50432K, reserved 1114112K
  class space    used 7125K, committed 8000K, reserved 1048576K
}
Event: 7.978 GC heap after
{Heap after GC invocations=16 (full 0):
 garbage-first heap   total 121856K, used 52336K [0x0000000080000000, 0x0000000100000000)
  region size 1024K, 3 young (3072K), 3 survivors (3072K)
 Metaspace       used 48628K, committed 50432K, reserved 1114112K
  class space    used 7125K, committed 8000K, reserved 1048576K
}
Event: 8.887 GC heap before
{Heap before GC invocations=16 (full 0):
 garbage-first heap   total 121856K, used 109680K [0x0000000080000000, 0x0000000100000000)
  region size 1024K, 56 young (57344K), 3 survivors (3072K)
 Metaspace       used 50394K, committed 52352K, reserved 1114112K
  class space    used 7387K, committed 8320K, reserved 1048576K
}
Event: 8.891 GC heap after
{Heap after GC invocations=17 (full 0):
 garbage-first heap   total 124928K, used 63683K [0x0000000080000000, 0x0000000100000000)
  region size 1024K, 7 young (7168K), 7 survivors (7168K)
 Metaspace       used 50394K, committed 52352K, reserved 1114112K
  class space    used 7387K, committed 8320K, reserved 1048576K
}
Event: 9.399 GC heap before
{Heap before GC invocations=17 (full 0):
 garbage-first heap   total 124928K, used 104643K [0x0000000080000000, 0x0000000100000000)
  region size 1024K, 48 young (49152K), 7 survivors (7168K)
 Metaspace       used 52976K, committed 54912K, reserved 1114112K
  class space    used 7719K, committed 8640K, reserved 1048576K
}
Event: 9.403 GC heap after
{Heap after GC invocations=18 (full 0):
 garbage-first heap   total 124928K, used 68281K [0x0000000080000000, 0x0000000100000000)
  region size 1024K, 5 young (5120K), 5 survivors (5120K)
 Metaspace       used 52976K, committed 54912K, reserved 1114112K
  class space    used 7719K, committed 8640K, reserved 1048576K
}
Event: 9.960 GC heap before
{Heap before GC invocations=19 (full 0):
 garbage-first heap   total 124928K, used 108217K [0x0000000080000000, 0x0000000100000000)
  region size 1024K, 43 young (44032K), 5 survivors (5120K)
 Metaspace       used 56185K, committed 58112K, reserved 1114112K
  class space    used 8172K, committed 9088K, reserved 1048576K
}
Event: 9.963 GC heap after
{Heap after GC invocations=20 (full 0):
 garbage-first heap   total 124928K, used 73212K [0x0000000080000000, 0x0000000100000000)
  region size 1024K, 3 young (3072K), 3 survivors (3072K)
 Metaspace       used 56185K, committed 58112K, reserved 1114112K
  class space    used 8172K, committed 9088K, reserved 1048576K
}
Event: 10.294 GC heap before
{Heap before GC invocations=20 (full 0):
 garbage-first heap   total 124928K, used 110076K [0x0000000080000000, 0x0000000100000000)
  region size 1024K, 39 young (39936K), 3 survivors (3072K)
 Metaspace       used 60182K, committed 62272K, reserved 1114112K
  class space    used 8632K, committed 9664K, reserved 1048576K
}
Event: 10.297 GC heap after
{Heap after GC invocations=21 (full 0):
 garbage-first heap   total 124928K, used 73075K [0x0000000080000000, 0x0000000100000000)
  region size 1024K, 4 young (4096K), 4 survivors (4096K)
 Metaspace       used 60182K, committed 62272K, reserved 1114112K
  class space    used 8632K, committed 9664K, reserved 1048576K
}
Event: 10.479 GC heap before
{Heap before GC invocations=21 (full 0):
 garbage-first heap   total 124928K, used 88435K [0x0000000080000000, 0x0000000100000000)
  region size 1024K, 20 young (20480K), 4 survivors (4096K)
 Metaspace       used 62509K, committed 64640K, reserved 1114112K
  class space    used 8963K, committed 9984K, reserved 1048576K
}
Event: 10.483 GC heap after
{Heap after GC invocations=22 (full 0):
 garbage-first heap   total 124928K, used 75067K [0x0000000080000000, 0x0000000100000000)
  region size 1024K, 3 young (3072K), 3 survivors (3072K)
 Metaspace       used 62509K, committed 64640K, reserved 1114112K
  class space    used 8963K, committed 9984K, reserved 1048576K
}
Event: 10.799 GC heap before
{Heap before GC invocations=23 (full 0):
 garbage-first heap   total 133120K, used 119099K [0x0000000080000000, 0x0000000100000000)
  region size 1024K, 40 young (40960K), 3 survivors (3072K)
 Metaspace       used 64507K, committed 66688K, reserved 1114112K
  class space    used 9243K, committed 10304K, reserved 1048576K
}
Event: 10.802 GC heap after
{Heap after GC invocations=24 (full 0):
 garbage-first heap   total 133120K, used 78905K [0x0000000080000000, 0x0000000100000000)
  region size 1024K, 5 young (5120K), 5 survivors (5120K)
 Metaspace       used 64507K, committed 66688K, reserved 1114112K
  class space    used 9243K, committed 10304K, reserved 1048576K
}
Event: 11.150 GC heap before
{Heap before GC invocations=24 (full 0):
 garbage-first heap   total 133120K, used 117817K [0x0000000080000000, 0x0000000100000000)
  region size 1024K, 43 young (44032K), 5 survivors (5120K)
 Metaspace       used 66833K, committed 68992K, reserved 1114112K
  class space    used 9579K, committed 10624K, reserved 1048576K
}
Event: 11.154 GC heap after
{Heap after GC invocations=25 (full 0):
 garbage-first heap   total 133120K, used 81101K [0x0000000080000000, 0x0000000100000000)
  region size 1024K, 4 young (4096K), 4 survivors (4096K)
 Metaspace       used 66833K, committed 68992K, reserved 1114112K
  class space    used 9579K, committed 10624K, reserved 1048576K
}

